combat game/Library/Bee/Android/Prj/Mono2x/Gradle/launcher/build/intermediates/manifest_merge_blame_file/release/manifest-merger-blame-release-report.txt
1<?xml version="1.0" encoding="utf-8"?>
2<manifest xmlns:android="http://schemas.android.com/apk/res/android"
3    package="com.DefaultCompany.combatgame"
4    android:installLocation="preferExternal"
5    android:versionCode="1"
6    android:versionName="0.1" >
7
8    <uses-sdk
9        android:minSdkVersion="22"
9-->src\main\AndroidManifest.xml
10        android:targetSdkVersion="30" />
10-->src\main\AndroidManifest.xml
11
12    <supports-screens
12-->src\main\AndroidManifest.xml:3:3-163
13        android:anyDensity="true"
13-->src\main\AndroidManifest.xml:3:135-160
14        android:largeScreens="true"
14-->src\main\AndroidManifest.xml:3:78-105
15        android:normalScreens="true"
15-->src\main\AndroidManifest.xml:3:49-77
16        android:smallScreens="true"
16-->src\main\AndroidManifest.xml:3:21-48
17        android:xlargeScreens="true" />
17-->src\main\AndroidManifest.xml:3:106-134
18
19    <uses-feature android:glEsVersion="0x00030000" />
19-->[:unityLibrary] AndroidManifest.xml:12:5-54
19-->[:unityLibrary] AndroidManifest.xml:12:19-51
20    <uses-feature
20-->[:unityLibrary] AndroidManifest.xml:13:5-15:36
21        android:name="android.hardware.vulkan.version"
21-->[:unityLibrary] AndroidManifest.xml:14:9-55
22        android:required="false" />
22-->[:unityLibrary] AndroidManifest.xml:15:9-33
23
24    <uses-permission android:name="android.permission.INTERNET" />
24-->[:unityLibrary] AndroidManifest.xml:17:5-67
24-->[:unityLibrary] AndroidManifest.xml:17:22-64
25
26    <uses-feature
26-->[:unityLibrary] AndroidManifest.xml:19:5-21:36
27        android:name="android.hardware.touchscreen"
27-->[:unityLibrary] AndroidManifest.xml:20:9-52
28        android:required="false" />
28-->[:unityLibrary] AndroidManifest.xml:21:9-33
29    <uses-feature
29-->[:unityLibrary] AndroidManifest.xml:22:5-24:36
30        android:name="android.hardware.touchscreen.multitouch"
30-->[:unityLibrary] AndroidManifest.xml:23:9-63
31        android:required="false" />
31-->[:unityLibrary] AndroidManifest.xml:24:9-33
32    <uses-feature
32-->[:unityLibrary] AndroidManifest.xml:25:5-27:36
33        android:name="android.hardware.touchscreen.multitouch.distinct"
33-->[:unityLibrary] AndroidManifest.xml:26:9-72
34        android:required="false" />
34-->[:unityLibrary] AndroidManifest.xml:27:9-33
35
36    <application
36-->src\main\AndroidManifest.xml:4:3-83
37        android:extractNativeLibs="true"
37-->[:unityLibrary] AndroidManifest.xml:29:18-50
38        android:icon="@mipmap/app_icon"
38-->src\main\AndroidManifest.xml:4:49-80
39        android:label="@string/app_name" >
39-->src\main\AndroidManifest.xml:4:16-48
40        <activity
40-->[:unityLibrary] AndroidManifest.xml:30:9-56:20
41            android:name="com.unity3d.player.UnityPlayerActivity"
41-->[:unityLibrary] AndroidManifest.xml:31:13-66
42            android:configChanges="mcc|mnc|locale|touchscreen|keyboard|keyboardHidden|navigation|orientation|screenLayout|uiMode|screenSize|smallestScreenSize|fontScale|layoutDirection|density"
42-->[:unityLibrary] AndroidManifest.xml:32:13-194
43            android:hardwareAccelerated="false"
43-->[:unityLibrary] AndroidManifest.xml:33:13-48
44            android:launchMode="singleTask"
44-->[:unityLibrary] AndroidManifest.xml:34:13-44
45            android:resizeableActivity="true"
45-->[:unityLibrary] AndroidManifest.xml:35:13-46
46            android:screenOrientation="fullUser"
46-->[:unityLibrary] AndroidManifest.xml:36:13-49
47            android:theme="@style/UnityThemeSelector" >
47-->[:unityLibrary] AndroidManifest.xml:37:13-54
48            <intent-filter>
48-->[:unityLibrary] AndroidManifest.xml:38:13-42:29
49                <action android:name="android.intent.action.MAIN" />
49-->[:unityLibrary] AndroidManifest.xml:39:17-69
49-->[:unityLibrary] AndroidManifest.xml:39:25-66
50
51                <category android:name="android.intent.category.LAUNCHER" />
51-->[:unityLibrary] AndroidManifest.xml:41:17-77
51-->[:unityLibrary] AndroidManifest.xml:41:27-74
52            </intent-filter>
53
54            <meta-data
54-->[:unityLibrary] AndroidManifest.xml:44:13-46:40
55                android:name="unityplayer.UnityActivity"
55-->[:unityLibrary] AndroidManifest.xml:45:17-57
56                android:value="true" />
56-->[:unityLibrary] AndroidManifest.xml:46:17-37
57            <meta-data
57-->[:unityLibrary] AndroidManifest.xml:47:13-49:71
58                android:name="WindowManagerPreference:FreeformWindowSize"
58-->[:unityLibrary] AndroidManifest.xml:48:17-74
59                android:value="@string/FreeformWindowSize_maximize" />
59-->[:unityLibrary] AndroidManifest.xml:49:17-68
60            <meta-data
60-->[:unityLibrary] AndroidManifest.xml:50:13-52:79
61                android:name="WindowManagerPreference:FreeformWindowOrientation"
61-->[:unityLibrary] AndroidManifest.xml:51:17-81
62                android:value="@string/FreeformWindowOrientation_landscape" />
62-->[:unityLibrary] AndroidManifest.xml:52:17-76
63            <meta-data
63-->[:unityLibrary] AndroidManifest.xml:53:13-55:40
64                android:name="android.notch_support"
64-->[:unityLibrary] AndroidManifest.xml:54:17-53
65                android:value="true" />
65-->[:unityLibrary] AndroidManifest.xml:55:17-37
66        </activity>
67
68        <meta-data
68-->[:unityLibrary] AndroidManifest.xml:58:9-60:33
69            android:name="unity.splash-mode"
69-->[:unityLibrary] AndroidManifest.xml:59:13-45
70            android:value="0" />
70-->[:unityLibrary] AndroidManifest.xml:60:13-30
71        <meta-data
71-->[:unityLibrary] AndroidManifest.xml:61:9-63:36
72            android:name="unity.splash-enable"
72-->[:unityLibrary] AndroidManifest.xml:62:13-47
73            android:value="True" />
73-->[:unityLibrary] AndroidManifest.xml:63:13-33
74        <meta-data
74-->[:unityLibrary] AndroidManifest.xml:64:9-66:36
75            android:name="unity.launch-fullscreen"
75-->[:unityLibrary] AndroidManifest.xml:65:13-51
76            android:value="True" />
76-->[:unityLibrary] AndroidManifest.xml:66:13-33
77        <meta-data
77-->[:unityLibrary] AndroidManifest.xml:67:9-69:36
78            android:name="unity.allow-resizable-window"
78-->[:unityLibrary] AndroidManifest.xml:68:13-56
79            android:value="True" />
79-->[:unityLibrary] AndroidManifest.xml:69:13-33
80        <meta-data
80-->[:unityLibrary] AndroidManifest.xml:70:9-72:50
81            android:name="notch.config"
81-->[:unityLibrary] AndroidManifest.xml:71:13-40
82            android:value="portrait|landscape" />
82-->[:unityLibrary] AndroidManifest.xml:72:13-47
83    </application>
84
85</manifest>